<?xml version="1.0" encoding="UTF-8"?>
<testng-results skipped="0" failed="0" ignored="0" total="1" passed="1">
  <reporter-output>
  </reporter-output>
  <suite name="Default suite" duration-ms="18204" started-at="2017-08-11T10:17:15Z" finished-at="2017-08-11T10:17:33Z">
    <groups>
    </groups>
    <test name="Default test" duration-ms="18204" started-at="2017-08-11T10:17:15Z" finished-at="2017-08-11T10:17:33Z">
      <class name="auto.TestCase.NewTest">
        <test-method status="PASS" signature="f()[pri:0, instance:auto.NewTest@18be83e4]" name="f" duration-ms="18193" started-at="2017-08-11T18:17:15Z" finished-at="2017-08-11T18:17:33Z">
          <reporter-output>
          </reporter-output>
        </test-method> <!-- f -->
      </class> <!-- auto.TestCase.NewTest -->
    </test> <!-- Default test -->
  </suite> <!-- Default suite -->
</testng-results>
